[2026-04-14T00:14:40Z] === ENRICH ITERATION 12 START | repo=python/mypy sha=770d3ca4 ===
[2026-04-14T00:14:40Z] [iter=12] PHASE START: enrich repo=python/mypy sha=770d3ca4 runlog=/home/runner/work/forx/forx/storage/aggregate/lsp/logs/770d3ca4-enrich-iter-012.log output=/home/runner/work/forx/forx/storage/aggregate/lsp/770d3ca4997032dc3a1c4f0b468e9f58e8f38505.nq.gz
[2026-04-14T00:14:49Z] [iter=12] Step 1: Loading AST into disk-backed store mem_mb=78 MB
[2026-04-14T00:17:02Z] [iter=12] AST store loaded triples=12088343 load_secs=128 mem_mb=1005 MB
[2026-04-14T00:17:02Z] [iter=12] Step 2: Finding LSP targets mem_mb=1005 MB
[2026-04-14T00:17:38Z] [iter=12] LSP targets found call_sites=55446 imports=6572 extends=2501 implements=0 secs=35
[2026-04-14T00:17:48Z] [iter=12] Loaded checkpoint partial graph triples=242537
[2026-04-14T00:18:21Z] [iter=12] Step 2.7: Building position index (one-shot, shared across resolvers) mem_mb=1005 MB
[2026-04-14T00:19:47Z] [iter=12] Position index built positions=815413 nodes_with_types=1019774 secs=86 mem_mb=2331 MB
[2026-04-14T00:19:47Z] [iter=12] Step 3: Starting LSP resolution mem_mb=2331 MB already_completed_types=[] already_completed_files=211
[2026-04-14T00:19:47Z] [iter=12] Resolving target type target_type=call_site count=55446
[2026-04-14T00:19:52Z] [iter=12] HEARTBEAT target_type=call_site elapsed_min=5.2 files_done=0 resolved=0 errors=0 current=mypy/stats.py
[2026-04-14T00:27:05Z] [iter=12] HEARTBEAT target_type=call_site elapsed_min=12.4 files_done=1 resolved=38 errors=90 current=mypyc/primitives/dict_ops.py
[2026-04-14T00:30:07Z] [iter=12] HEARTBEAT target_type=call_site elapsed_min=15.5 files_done=2 resolved=38 errors=128 current=mypy/strconv.py
[2026-04-14T00:46:53Z] [iter=12] HEARTBEAT target_type=call_site elapsed_min=32.2 files_done=3 resolved=78 errors=340 current=mypy/server/aststrip.py
[2026-04-14T00:48:41Z] [iter=12] HEARTBEAT target_type=call_site elapsed_min=34.0 files_done=4 resolved=106 errors=363 current=mypy/semanal_enum.py
[2026-04-14T00:52:05Z] [iter=12] HEARTBEAT target_type=call_site elapsed_min=37.4 files_done=5 resolved=139 errors=406 current=mypyc/test/test_typeops.py
[2026-04-14T00:55:29Z] [iter=12] HEARTBEAT target_type=call_site elapsed_min=40.8 files_done=6 resolved=139 errors=449 current=mypy/version.py
[2026-04-14T01:02:16Z] [iter=12] HEARTBEAT target_type=call_site elapsed_min=47.6 files_done=8 resolved=145 errors=535 current=mypyc/irbuild/expression.py
[2026-04-14T01:31:42Z] [iter=12] HEARTBEAT target_type=call_site elapsed_min=77.0 files_done=9 resolved=240 errors=909 current=mypyc/test/test_namegen.py
[2026-04-14T01:33:54Z] [iter=12] HEARTBEAT target_type=call_site elapsed_min=79.2 files_done=10 resolved=240 errors=937 current=mypyc/primitives/set_ops.py
[2026-04-14T01:35:09Z] [iter=12] HEARTBEAT target_type=call_site elapsed_min=80.5 files_done=11 resolved=240 errors=953 current=mypy/binder.py
[2026-04-14T01:43:07Z] [iter=12] HEARTBEAT target_type=call_site elapsed_min=88.4 files_done=12 resolved=304 errors=1054 current=mypy/mro.py
[2026-04-14T01:43:59Z] [iter=12] HEARTBEAT target_type=call_site elapsed_min=89.3 files_done=13 resolved=305 errors=1065 current=mypyc/primitives/str_ops.py
[2026-04-14T01:48:53Z] [iter=12] HEARTBEAT target_type=call_site elapsed_min=94.2 files_done=14 resolved=310 errors=1127 current=mypyc/build_setup.py
[2026-04-14T01:49:31Z] [iter=12] HEARTBEAT target_type=call_site elapsed_min=94.9 files_done=15 resolved=320 errors=1135 current=mypy/types_utils.py
[2026-04-14T01:51:58Z] [iter=12] HEARTBEAT target_type=call_site elapsed_min=97.3 files_done=16 resolved=355 errors=1166 current=mypyc/ir/class_ir.py
[2026-04-14T01:55:46Z] [iter=12] HEARTBEAT target_type=call_site elapsed_min=101.1 files_done=17 resolved=376 errors=1214 current=mypyc/lower/int_ops.py
[2026-04-14T01:59:34Z] [iter=12] HEARTBEAT target_type=call_site elapsed_min=104.9 files_done=18 resolved=376 errors=1262 current=mypy/typeshed/stdlib/asyncio/coroutines.pyi
[2026-04-14T02:00:27Z] [iter=12] HEARTBEAT target_type=call_site elapsed_min=105.8 files_done=20 resolved=398 errors=1273 current=mypyc/irbuild/prebuildvisitor.py
[2026-04-14T02:03:32Z] [iter=12] HEARTBEAT target_type=call_site elapsed_min=108.9 files_done=21 resolved=427 errors=1312 current=mypy/moduleinspect.py
[2026-04-14T02:05:36Z] [iter=12] HEARTBEAT target_type=call_site elapsed_min=110.9 files_done=22 resolved=446 errors=1338 current=mypyc/analysis/ircheck.py
[2026-04-14T02:11:46Z] [iter=12] HEARTBEAT target_type=call_site elapsed_min=117.1 files_done=23 resolved=491 errors=1416 current=mypy/test/testparse.py
[2026-04-14T02:13:36Z] [iter=12] HEARTBEAT target_type=call_site elapsed_min=118.9 files_done=24 resolved=496 errors=1439 current=mypyc/errors.py
[2026-04-14T02:14:19Z] [iter=12] HEARTBEAT target_type=call_site elapsed_min=119.7 files_done=25 resolved=497 errors=1448 current=mypy/mixedtraverser.py
[2026-04-14T02:16:03Z] [iter=12] HEARTBEAT target_type=call_site elapsed_min=121.4 files_done=26 resolved=531 errors=1470 current=mypyc/irbuild/match.py
[2026-04-14T02:24:46Z] [iter=12] HEARTBEAT target_type=call_site elapsed_min=130.1 files_done=27 resolved=545 errors=1580 current=mypyc/irbuild/util.py
[2026-04-14T02:26:51Z] [iter=12] HEARTBEAT target_type=call_site elapsed_min=132.2 files_done=28 resolved=578 errors=1606 current=mypy/config_parser.py
[2026-04-14T02:36:31Z] [iter=12] HEARTBEAT target_type=call_site elapsed_min=141.9 files_done=29 resolved=676 errors=1728 current=mypy/solve.py
[2026-04-14T02:43:44Z] [iter=12] HEARTBEAT target_type=call_site elapsed_min=149.1 files_done=30 resolved=729 errors=1819 current=misc/profile_check.py
[2026-04-14T02:44:46Z] [iter=12] HEARTBEAT target_type=call_site elapsed_min=150.1 files_done=31 resolved=760 errors=1832 current=mypy/type_visitor.py
[2026-04-14T02:52:04Z] [iter=12] HEARTBEAT target_type=call_site elapsed_min=157.4 files_done=32 resolved=776 errors=1925 current=misc/perf_compare.py
[2026-04-14T02:54:12Z] [iter=12] HEARTBEAT target_type=call_site elapsed_min=159.5 files_done=33 resolved=835 errors=1952 current=mypy/build_worker/worker.py
[2026-04-14T02:58:23Z] [iter=12] HEARTBEAT target_type=call_site elapsed_min=163.7 files_done=34 resolved=859 errors=2005 current=mypy/literals.py
[2026-04-14T03:00:40Z] [iter=12] HEARTBEAT target_type=call_site elapsed_min=166.0 files_done=35 resolved=879 errors=2034 current=mypy/test/testsubtypes.py
[2026-04-14T03:16:33Z] [iter=12] HEARTBEAT target_type=call_site elapsed_min=181.9 files_done=36 resolved=879 errors=2236 current=mypyc/lower/list_ops.py
[2026-04-14T03:18:11Z] [iter=12] HEARTBEAT target_type=call_site elapsed_min=183.5 files_done=37 resolved=880 errors=2257 current=mypy/typeshed/stdlib/multiprocessing/sharedctypes.pyi
[2026-04-14T03:39:33Z] [iter=12] HEARTBEAT target_type=call_site elapsed_min=204.9 files_done=40 resolved=909 errors=2529 current=mypy/test/testmodulefinder.py
[2026-04-14T03:45:03Z] [iter=12] HEARTBEAT target_type=call_site elapsed_min=210.4 files_done=41 resolved=953 errors=2599 current=setup.py
[2026-04-14T03:45:51Z] [iter=12] HEARTBEAT target_type=call_site elapsed_min=211.2 files_done=42 resolved=998 errors=2609 current=mypy/renaming.py
[2026-04-14T03:54:33Z] [iter=12] HEARTBEAT target_type=call_site elapsed_min=219.9 files_done=43 resolved=1030 errors=2720 current=mypy/memprofile.py
[2026-04-14T03:55:40Z] [iter=12] HEARTBEAT target_type=call_site elapsed_min=221.0 files_done=44 resolved=1076 errors=2734 current=mypy/tvar_scope.py
[2026-04-14T03:57:42Z] [iter=12] HEARTBEAT target_type=call_site elapsed_min=223.0 files_done=45 resolved=1082 errors=2760 current=misc/convert-cache.py
[2026-04-14T03:58:53Z] [iter=12] HEARTBEAT target_type=call_site elapsed_min=224.2 files_done=46 resolved=1092 errors=2775 current=mypy/plugins/proper_plugin.py
[2026-04-14T04:01:38Z] [iter=12] HEARTBEAT target_type=call_site elapsed_min=227.0 files_done=47 resolved=1106 errors=2810 current=misc/incremental_checker.py
[2026-04-14T04:06:58Z] [iter=12] HEARTBEAT target_type=call_site elapsed_min=232.3 files_done=48 resolved=1180 errors=2878 current=mypy/test/test_diff_cache.py
[2026-04-14T04:08:37Z] [iter=12] HEARTBEAT target_type=call_site elapsed_min=234.0 files_done=49 resolved=1235 errors=2899 current=mypy/stubutil.py
[2026-04-14T04:14:55Z] [iter=12] CHECKPOINT TRIGGERED elapsed_min=240.3 files_completed=260 new_files_this_iter=49 mem_mb=2364 MB
[2026-04-14T04:14:55Z] [iter=12] Writing partial enrichment graph path=/home/runner/work/forx/forx/storage/aggregate/lsp/770d3ca4997032dc3a1c4f0b468e9f58e8f38505.nq.gz triples=264768
[2026-04-14T04:15:00Z] [iter=12] Checkpoint written, exiting with code 7
[2026-04-14T04:15:00Z] [iter=12] PHASE END: enrich (checkpointed) elapsed_s=14416 elapsed_min=240.3 files_completed=260
