[2026-04-13T20:01:09Z] === ENRICH ITERATION 11 START | repo=python/mypy sha=770d3ca4 ===
[2026-04-13T20:01:09Z] [iter=11] PHASE START: enrich repo=python/mypy sha=770d3ca4 runlog=/home/runner/work/forx/forx/storage/aggregate/lsp/logs/770d3ca4-enrich-iter-011.log output=/home/runner/work/forx/forx/storage/aggregate/lsp/770d3ca4997032dc3a1c4f0b468e9f58e8f38505.nq.gz
[2026-04-13T20:01:15Z] [iter=11] Step 1: Loading AST into disk-backed store mem_mb=78 MB
[2026-04-13T20:03:19Z] [iter=11] AST store loaded triples=12088343 load_secs=119 mem_mb=970 MB
[2026-04-13T20:03:19Z] [iter=11] Step 2: Finding LSP targets mem_mb=970 MB
[2026-04-13T20:03:51Z] [iter=11] LSP targets found call_sites=55446 imports=6572 extends=2501 implements=0 secs=32
[2026-04-13T20:04:00Z] [iter=11] Loaded checkpoint partial graph triples=221942
[2026-04-13T20:04:31Z] [iter=11] Step 2.7: Building position index (one-shot, shared across resolvers) mem_mb=970 MB
[2026-04-13T20:05:49Z] [iter=11] Position index built positions=815413 nodes_with_types=1019774 secs=78 mem_mb=2307 MB
[2026-04-13T20:05:49Z] [iter=11] Step 3: Starting LSP resolution mem_mb=2307 MB already_completed_types=[] already_completed_files=177
[2026-04-13T20:05:49Z] [iter=11] Resolving target type target_type=call_site count=55446
[2026-04-13T20:05:53Z] [iter=11] HEARTBEAT target_type=call_site elapsed_min=4.7 files_done=0 resolved=0 errors=0 current=mypyc/test/test_run.py
[2026-04-13T20:11:59Z] [iter=11] HEARTBEAT target_type=call_site elapsed_min=10.8 files_done=1 resolved=18 errors=76 current=mypyc/irbuild/statement.py
[2026-04-13T20:55:20Z] [iter=11] HEARTBEAT target_type=call_site elapsed_min=54.2 files_done=2 resolved=76 errors=617 current=mypyc/annotate.py
[2026-04-13T21:02:30Z] [iter=11] HEARTBEAT target_type=call_site elapsed_min=61.4 files_done=3 resolved=134 errors=707 current=mypy/fswatcher.py
[2026-04-13T21:03:37Z] [iter=11] HEARTBEAT target_type=call_site elapsed_min=62.5 files_done=4 resolved=140 errors=721 current=mypyc/test/test_pprint.py
[2026-04-13T21:05:08Z] [iter=11] HEARTBEAT target_type=call_site elapsed_min=64.0 files_done=5 resolved=140 errors=740 current=mypy/fixup.py
[2026-04-13T21:12:54Z] [iter=11] HEARTBEAT target_type=call_site elapsed_min=71.8 files_done=6 resolved=160 errors=837 current=mypy/test/testcheck.py
[2026-04-13T21:18:12Z] [iter=11] HEARTBEAT target_type=call_site elapsed_min=77.1 files_done=7 resolved=200 errors=903 current=mypy/typeshed/stdlib/ast.pyi
[2026-04-13T21:25:49Z] [iter=11] HEARTBEAT target_type=call_site elapsed_min=84.7 files_done=9 resolved=289 errors=998 current=mypy/server/astdiff.py
[2026-04-13T21:32:59Z] [iter=11] HEARTBEAT target_type=call_site elapsed_min=91.8 files_done=10 resolved=339 errors=1087 current=mypy/dmypy/client.py
[2026-04-13T21:45:32Z] [iter=11] HEARTBEAT target_type=call_site elapsed_min=104.4 files_done=11 resolved=394 errors=1243 current=mypy/erasetype.py
[2026-04-13T21:50:15Z] [iter=11] HEARTBEAT target_type=call_site elapsed_min=109.1 files_done=12 resolved=426 errors=1302 current=mypyc/test/test_emitwrapper.py
[2026-04-13T21:51:23Z] [iter=11] HEARTBEAT target_type=call_site elapsed_min=110.2 files_done=13 resolved=426 errors=1316 current=mypy/server/update.py
[2026-04-13T22:09:25Z] [iter=11] HEARTBEAT target_type=call_site elapsed_min=128.3 files_done=14 resolved=494 errors=1541 current=mypy/test/testdaemon.py
[2026-04-13T22:12:29Z] [iter=11] HEARTBEAT target_type=call_site elapsed_min=131.3 files_done=15 resolved=503 errors=1579 current=mypy/server/subexpr.py
[2026-04-13T22:16:09Z] [iter=11] HEARTBEAT target_type=call_site elapsed_min=135.0 files_done=16 resolved=559 errors=1625 current=mypy/maptype.py
[2026-04-13T22:17:36Z] [iter=11] HEARTBEAT target_type=call_site elapsed_min=136.4 files_done=17 resolved=564 errors=1643 current=test-data/unit/lib-stub/attrs/converters.pyi
[2026-04-13T22:29:34Z] [iter=11] HEARTBEAT target_type=call_site elapsed_min=148.4 files_done=19 resolved=614 errors=1792 current=mypy/test/testreports.py
[2026-04-13T22:30:22Z] [iter=11] HEARTBEAT target_type=call_site elapsed_min=149.2 files_done=20 resolved=618 errors=1802 current=mypy/exportjson.py
[2026-04-13T22:40:12Z] [iter=11] HEARTBEAT target_type=call_site elapsed_min=159.0 files_done=21 resolved=663 errors=1924 current=mypy/visitor.py
[2026-04-13T22:43:40Z] [iter=11] HEARTBEAT target_type=call_site elapsed_min=162.5 files_done=23 resolved=777 errors=1967 current=mypyc/irbuild/vec.py
[2026-04-13T22:59:12Z] [iter=11] HEARTBEAT target_type=call_site elapsed_min=178.0 files_done=24 resolved=804 errors=2160 current=mypyc/irbuild/format_str_tokenizer.py
[2026-04-13T23:04:13Z] [iter=11] HEARTBEAT target_type=call_site elapsed_min=183.1 files_done=25 resolved=826 errors=2222 current=mypy/suggestions.py
[2026-04-13T23:20:09Z] [iter=11] HEARTBEAT target_type=call_site elapsed_min=199.0 files_done=26 resolved=923 errors=2419 current=mypyc/irbuild/nonlocalcontrol.py
[2026-04-13T23:24:08Z] [iter=11] HEARTBEAT target_type=call_site elapsed_min=203.0 files_done=27 resolved=928 errors=2468 current=mypy/test/update_data.py
[2026-04-13T23:25:25Z] [iter=11] HEARTBEAT target_type=call_site elapsed_min=204.3 files_done=28 resolved=939 errors=2484 current=mypy/server/objgraph.py
[2026-04-13T23:26:03Z] [iter=11] HEARTBEAT target_type=call_site elapsed_min=204.9 files_done=29 resolved=971 errors=2492 current=mypy/typestate.py
[2026-04-13T23:30:42Z] [iter=11] HEARTBEAT target_type=call_site elapsed_min=209.5 files_done=30 resolved=988 errors=2550 current=mypy/ipc.py
[2026-04-13T23:35:50Z] [iter=11] HEARTBEAT target_type=call_site elapsed_min=214.7 files_done=31 resolved=1038 errors=2614 current=mypy/typeshed/stdlib/asyncio/tasks.pyi
[2026-04-13T23:57:48Z] [iter=11] HEARTBEAT target_type=call_site elapsed_min=236.6 files_done=33 resolved=1069 errors=2888 current=mypyc/analysis/selfleaks.py
[2026-04-13T23:59:05Z] [iter=11] HEARTBEAT target_type=call_site elapsed_min=237.9 files_done=34 resolved=1074 errors=2904 current=mypy/stats.py
[2026-04-14T00:01:25Z] [iter=11] CHECKPOINT TRIGGERED elapsed_min=240.3 files_completed=211 new_files_this_iter=34 mem_mb=2335 MB
[2026-04-14T00:01:25Z] [iter=11] Writing partial enrichment graph path=/home/runner/work/forx/forx/storage/aggregate/lsp/770d3ca4997032dc3a1c4f0b468e9f58e8f38505.nq.gz triples=242537
[2026-04-14T00:01:29Z] [iter=11] Checkpoint written, exiting with code 7
[2026-04-14T00:01:29Z] [iter=11] PHASE END: enrich (checkpointed) elapsed_s=14416 elapsed_min=240.3 files_completed=211
