[2026-04-12T02:39:12Z] === ENRICH ITERATION 1 START | repo=python/mypy sha=770d3ca4 ===
[2026-04-12T02:39:12Z] [iter=1] PHASE START: enrich repo=python/mypy sha=770d3ca4 runlog=/home/runner/work/forx/forx/storage/aggregate/lsp/logs/770d3ca4-enrich-iter-001.log output=/home/runner/work/forx/forx/storage/aggregate/lsp/770d3ca4997032dc3a1c4f0b468e9f58e8f38505.nq.gz
[2026-04-12T02:39:21Z] [iter=1] Step 1: Loading AST into disk-backed store mem_mb=79 MB
[2026-04-12T02:41:29Z] [iter=1] AST store loaded triples=12088343 load_secs=124 mem_mb=1002 MB
[2026-04-12T02:41:29Z] [iter=1] Step 2: Finding LSP targets mem_mb=1002 MB
[2026-04-12T02:42:04Z] [iter=1] LSP targets found call_sites=55446 imports=6572 extends=2501 implements=0 secs=34
[2026-04-12T02:42:37Z] [iter=1] Step 2.7: Building position index (one-shot, shared across resolvers) mem_mb=1002 MB
[2026-04-12T02:43:47Z] [iter=1] Position index built positions=815413 nodes_with_types=1019774 secs=70 mem_mb=1989 MB
[2026-04-12T02:43:47Z] [iter=1] Step 3: Starting LSP resolution mem_mb=1989 MB already_completed_types=[] already_completed_files=0
[2026-04-12T02:43:47Z] [iter=1] Resolving target type target_type=call_site count=55446
[2026-04-12T02:43:49Z] [iter=1] HEARTBEAT target_type=call_site elapsed_min=4.6 files_done=0 resolved=0 errors=0 current=mypyc/lib-rt/test_capi.cc
[2026-04-12T02:58:31Z] [iter=1] HEARTBEAT target_type=call_site elapsed_min=19.3 files_done=1 resolved=0 errors=225 current=mypyc/lib-rt/pythoncapi_compat.h
[2026-04-12T03:02:31Z] [iter=1] HEARTBEAT target_type=call_site elapsed_min=23.3 files_done=2 resolved=14 errors=286 current=mypyc/lib-rt/int_ops.c
[2026-04-12T03:06:38Z] [iter=1] HEARTBEAT target_type=call_site elapsed_min=27.4 files_done=3 resolved=14 errors=349 current=mypyc/lib-rt/base64/arch/ssse3/enc_loop_asm.c
[2026-04-12T03:08:28Z] [iter=1] HEARTBEAT target_type=call_site elapsed_min=29.3 files_done=4 resolved=14 errors=377 current=mypyc/lib-rt/internal/librt_internal.c
[2026-04-12T03:14:32Z] [iter=1] HEARTBEAT target_type=call_site elapsed_min=35.3 files_done=5 resolved=14 errors=470 current=mypyc/lib-rt/bytes_ops.c
[2026-04-12T03:15:55Z] [iter=1] HEARTBEAT target_type=call_site elapsed_min=36.7 files_done=6 resolved=15 errors=491 current=mypyc/lib-rt/strings/librt_strings.c
[2026-04-12T03:20:14Z] [iter=1] HEARTBEAT target_type=call_site elapsed_min=41.0 files_done=7 resolved=32 errors=557 current=mypyc/lib-rt/vecs/librt_vecs.h
[2026-04-12T03:21:10Z] [iter=1] HEARTBEAT target_type=call_site elapsed_min=42.0 files_done=9 resolved=35 errors=571 current=mypyc/lib-rt/base64/arch/ssse3/enc_reshuffle.c
[2026-04-12T03:24:50Z] [iter=1] HEARTBEAT target_type=call_site elapsed_min=45.6 files_done=11 resolved=41 errors=627 current=mypyc/lib-rt/base64/arch/generic/32/dec_loop.c
[2026-04-12T03:27:23Z] [iter=1] HEARTBEAT target_type=call_site elapsed_min=48.2 files_done=13 resolved=42 errors=666 current=mypyc/lib-rt/base64/arch/neon64/dec_loop.c
[2026-04-12T03:28:22Z] [iter=1] HEARTBEAT target_type=call_site elapsed_min=49.2 files_done=15 resolved=43 errors=681 current=mypyc/lib-rt/getargs.c
[2026-04-12T03:29:40Z] [iter=1] HEARTBEAT target_type=call_site elapsed_min=50.5 files_done=16 resolved=50 errors=701 current=mypyc/lib-rt/list_ops.c
[2026-04-12T03:31:54Z] [iter=1] HEARTBEAT target_type=call_site elapsed_min=52.7 files_done=17 resolved=50 errors=735 current=mypyc/lib-rt/vecs/librt_vecs.c
[2026-04-12T03:32:46Z] [iter=1] HEARTBEAT target_type=call_site elapsed_min=53.6 files_done=20 resolved=53 errors=748 current=mypyc/lib-rt/generic_ops.c
[2026-04-12T03:39:54Z] [iter=1] HEARTBEAT target_type=call_site elapsed_min=60.7 files_done=23 resolved=56 errors=857 current=mypyc/lib-rt/str_ops.c
[2026-04-12T03:45:15Z] [iter=1] HEARTBEAT target_type=call_site elapsed_min=66.1 files_done=24 resolved=60 errors=939 current=mypyc/lib-rt/dict_ops.c
[2026-04-12T03:48:59Z] [iter=1] HEARTBEAT target_type=call_site elapsed_min=69.8 files_done=25 resolved=60 errors=996 current=mypyc/lib-rt/vecs/vec_template.c
[2026-04-12T03:49:50Z] [iter=1] HEARTBEAT target_type=call_site elapsed_min=70.6 files_done=27 resolved=69 errors=1009 current=mypyc/lib-rt/exc_ops.c
[2026-04-12T03:52:04Z] [iter=1] HEARTBEAT target_type=call_site elapsed_min=72.9 files_done=28 resolved=69 errors=1043 current=mypyc/lib-rt/base64/arch/avx2/enc_loop_asm.c
[2026-04-12T03:54:02Z] [iter=1] HEARTBEAT target_type=call_site elapsed_min=74.8 files_done=29 resolved=69 errors=1073 current=mypyc/lib-rt/base64/arch/ssse3/enc_loop.c
[2026-04-12T03:55:00Z] [iter=1] HEARTBEAT target_type=call_site elapsed_min=75.8 files_done=30 resolved=69 errors=1088 current=mypyc/lib-rt/base64/arch/sse41/codec.c
[2026-04-12T03:56:15Z] [iter=1] HEARTBEAT target_type=call_site elapsed_min=77.1 files_done=33 resolved=69 errors=1107 current=mypyc/lib-rt/base64/arch/avx/enc_loop_asm.c
[2026-04-12T03:58:05Z] [iter=1] HEARTBEAT target_type=call_site elapsed_min=78.9 files_done=34 resolved=69 errors=1135 current=mypyc/lib-rt/getargsfast.c
[2026-04-12T03:59:20Z] [iter=1] HEARTBEAT target_type=call_site elapsed_min=80.1 files_done=35 resolved=77 errors=1154 current=mypyc/lib-rt/internal/librt_internal.h
[2026-04-12T04:04:38Z] [iter=1] HEARTBEAT target_type=call_site elapsed_min=85.4 files_done=37 resolved=77 errors=1235 current=mypyc/lib-rt/tuple_ops.c
[2026-04-12T04:05:22Z] [iter=1] HEARTBEAT target_type=call_site elapsed_min=86.2 files_done=38 resolved=77 errors=1246 current=mypyc/lib-rt/time/librt_time.c
[2026-04-12T04:07:43Z] [iter=1] HEARTBEAT target_type=call_site elapsed_min=88.5 files_done=40 resolved=78 errors=1282 current=mypyc/lib-rt/base64/arch/generic/32/enc_loop.c
[2026-04-12T04:08:50Z] [iter=1] HEARTBEAT target_type=call_site elapsed_min=89.6 files_done=41 resolved=78 errors=1299 current=mypyc/lib-rt/bytearray_extra_ops.c
[2026-04-12T04:10:13Z] [iter=1] HEARTBEAT target_type=call_site elapsed_min=91.0 files_done=43 resolved=120 errors=1320 current=mypyc/lib-rt/base64/arch/ssse3/dec_loop.c
[2026-04-12T04:11:00Z] [iter=1] HEARTBEAT target_type=call_site elapsed_min=91.8 files_done=44 resolved=120 errors=1332 current=mypyc/lib-rt/pythonsupport.c
[2026-04-12T04:11:47Z] [iter=1] HEARTBEAT target_type=call_site elapsed_min=92.6 files_done=46 resolved=121 errors=1344 current=mypyc/lib-rt/static_data.c
[2026-04-12T04:14:59Z] [iter=1] HEARTBEAT target_type=call_site elapsed_min=95.8 files_done=47 resolved=121 errors=1393 current=mypyc/lib-rt/base64/arch/avx2/enc_loop.c
[2026-04-12T04:16:02Z] [iter=1] HEARTBEAT target_type=call_site elapsed_min=96.8 files_done=48 resolved=121 errors=1409 current=mypyc/lib-rt/base64/arch/avx/codec.c
[2026-04-12T04:16:38Z] [iter=1] HEARTBEAT target_type=call_site elapsed_min=97.4 files_done=50 resolved=121 errors=1418 current=mypyc/lib-rt/base64/arch/ssse3/dec_reshuffle.c
[2026-04-12T04:17:25Z] [iter=1] HEARTBEAT target_type=call_site elapsed_min=98.2 files_done=55 resolved=121 errors=1430 current=mypyc/lib-rt/base64/arch/neon32/dec_loop.c
[2026-04-12T04:18:48Z] [iter=1] HEARTBEAT target_type=call_site elapsed_min=99.6 files_done=57 resolved=121 errors=1451 current=mypyc/lib-rt/base64/arch/avx512/enc_loop.c
[2026-04-12T04:19:47Z] [iter=1] HEARTBEAT target_type=call_site elapsed_min=100.6 files_done=58 resolved=121 errors=1466 current=mypyc/lib-rt/base64/arch/ssse3/enc_translate.c
[2026-04-12T04:21:05Z] [iter=1] HEARTBEAT target_type=call_site elapsed_min=101.9 files_done=62 resolved=123 errors=1486 current=mypyc/lib-rt/base64/arch/avx2/enc_reshuffle.c
[2026-04-12T04:21:49Z] [iter=1] HEARTBEAT target_type=call_site elapsed_min=102.6 files_done=69 resolved=127 errors=1497 current=mypyc/lib-rt/set_ops.c
[2026-04-12T04:22:36Z] [iter=1] HEARTBEAT target_type=call_site elapsed_min=103.4 files_done=73 resolved=127 errors=1509 current=mypyc/lib-rt/base64/lib.c
[2026-04-12T04:23:19Z] [iter=1] HEARTBEAT target_type=call_site elapsed_min=104.1 files_done=74 resolved=127 errors=1520 current=mypyc/lib-rt/base64/arch/ssse3/codec.c
[2026-04-12T04:23:51Z] [iter=1] HEARTBEAT target_type=call_site elapsed_min=104.6 files_done=77 resolved=130 errors=1528 current=mypyc/lib-rt/base64/arch/avx512/enc_reshuffle_translate.c
[2026-04-12T04:24:31Z] [iter=1] HEARTBEAT target_type=call_site elapsed_min=105.3 files_done=83 resolved=130 errors=1538 current=mypy/stubgen.py
[2026-04-12T04:54:24Z] [iter=1] HEARTBEAT target_type=call_site elapsed_min=135.2 files_done=84 resolved=322 errors=1994 current=mypy/checkstrformat.py
[2026-04-12T05:08:02Z] [iter=1] HEARTBEAT target_type=call_site elapsed_min=148.8 files_done=85 resolved=423 errors=2202 current=mypy/plugins/attrs.py
[2026-04-12T05:20:50Z] [iter=1] HEARTBEAT target_type=call_site elapsed_min=161.6 files_done=86 resolved=515 errors=2397 current=mypy/checkexpr.py
[2026-04-12T06:39:31Z] [iter=1] CHECKPOINT TRIGGERED elapsed_min=240.3 files_completed=86 new_files_this_iter=86 mem_mb=2030 MB
[2026-04-12T06:39:31Z] [iter=1] Writing partial enrichment graph path=/home/runner/work/forx/forx/storage/aggregate/lsp/770d3ca4997032dc3a1c4f0b468e9f58e8f38505.nq.gz triples=63911
[2026-04-12T06:39:32Z] [iter=1] Checkpoint written, exiting with code 7
[2026-04-12T06:39:32Z] [iter=1] PHASE END: enrich (checkpointed) elapsed_s=14419 elapsed_min=240.3 files_completed=86
